[0.515s] Invoking command in '/home/asus/Desktop/task1/src/sim_pkg': PYTHONPATH=/home/asus/Desktop/task1/install/sim_pkg/lib/python3.8/site-packages:${PYTHONPATH} /usr/bin/python3 setup.py egg_info --egg-base ../../build/sim_pkg build --build-base /home/asus/Desktop/task1/build/sim_pkg/build install --prefix /home/asus/Desktop/task1/install/sim_pkg --record /home/asus/Desktop/task1/build/sim_pkg/install.log --single-version-externally-managed
[0.933s] running egg_info
[0.934s] writing ../../build/sim_pkg/sim_pkg.egg-info/PKG-INFO
[0.934s] writing dependency_links to ../../build/sim_pkg/sim_pkg.egg-info/dependency_links.txt
[0.935s] writing entry points to ../../build/sim_pkg/sim_pkg.egg-info/entry_points.txt
[0.935s] writing requirements to ../../build/sim_pkg/sim_pkg.egg-info/requires.txt
[0.936s] writing top-level names to ../../build/sim_pkg/sim_pkg.egg-info/top_level.txt
[1.005s] reading manifest file '../../build/sim_pkg/sim_pkg.egg-info/SOURCES.txt'
[1.007s] writing manifest file '../../build/sim_pkg/sim_pkg.egg-info/SOURCES.txt'
[1.008s] running build
[1.008s] running build_py
[1.008s] copying sim_pkg/map_subscribe.py -> /home/asus/Desktop/task1/build/sim_pkg/build/lib/sim_pkg
[1.009s] copying sim_pkg/map_publish.py -> /home/asus/Desktop/task1/build/sim_pkg/build/lib/sim_pkg
[1.009s] running install
[1.011s] running install_lib
[1.013s] copying /home/asus/Desktop/task1/build/sim_pkg/build/lib/sim_pkg/map_subscribe.py -> /home/asus/Desktop/task1/install/sim_pkg/lib/python3.8/site-packages/sim_pkg
[1.013s] copying /home/asus/Desktop/task1/build/sim_pkg/build/lib/sim_pkg/map_publish.py -> /home/asus/Desktop/task1/install/sim_pkg/lib/python3.8/site-packages/sim_pkg
[1.014s] byte-compiling /home/asus/Desktop/task1/install/sim_pkg/lib/python3.8/site-packages/sim_pkg/map_subscribe.py to map_subscribe.cpython-38.pyc
[1.017s] byte-compiling /home/asus/Desktop/task1/install/sim_pkg/lib/python3.8/site-packages/sim_pkg/map_publish.py to map_publish.cpython-38.pyc
[1.018s] running install_data
[1.020s] running install_egg_info
[1.022s] removing '/home/asus/Desktop/task1/install/sim_pkg/lib/python3.8/site-packages/sim_pkg-0.0.0-py3.8.egg-info' (and everything under it)
[1.023s] Copying ../../build/sim_pkg/sim_pkg.egg-info to /home/asus/Desktop/task1/install/sim_pkg/lib/python3.8/site-packages/sim_pkg-0.0.0-py3.8.egg-info
[1.025s] running install_scripts
[1.055s] Installing sender script to /home/asus/Desktop/task1/install/sim_pkg/lib/sim_pkg
[1.055s] Installing simulator script to /home/asus/Desktop/task1/install/sim_pkg/lib/sim_pkg
[1.055s] Installing subscriber script to /home/asus/Desktop/task1/install/sim_pkg/lib/sim_pkg
[1.056s] writing list of installed files to '/home/asus/Desktop/task1/build/sim_pkg/install.log'
[1.095s] Invoked command in '/home/asus/Desktop/task1/src/sim_pkg' returned '0': PYTHONPATH=/home/asus/Desktop/task1/install/sim_pkg/lib/python3.8/site-packages:${PYTHONPATH} /usr/bin/python3 setup.py egg_info --egg-base ../../build/sim_pkg build --build-base /home/asus/Desktop/task1/build/sim_pkg/build install --prefix /home/asus/Desktop/task1/install/sim_pkg --record /home/asus/Desktop/task1/build/sim_pkg/install.log --single-version-externally-managed
