running egg_info
creating ../../build/sim_pkg/sim_pkg.egg-info
writing ../../build/sim_pkg/sim_pkg.egg-info/PKG-INFO
writing dependency_links to ../../build/sim_pkg/sim_pkg.egg-info/dependency_links.txt
writing entry points to ../../build/sim_pkg/sim_pkg.egg-info/entry_points.txt
writing requirements to ../../build/sim_pkg/sim_pkg.egg-info/requires.txt
writing top-level names to ../../build/sim_pkg/sim_pkg.egg-info/top_level.txt
writing manifest file '../../build/sim_pkg/sim_pkg.egg-info/SOURCES.txt'
reading manifest file '../../build/sim_pkg/sim_pkg.egg-info/SOURCES.txt'
writing manifest file '../../build/sim_pkg/sim_pkg.egg-info/SOURCES.txt'
running build
running build_py
creating /home/asus/Desktop/task1/build/sim_pkg/build
creating /home/asus/Desktop/task1/build/sim_pkg/build/lib
creating /home/asus/Desktop/task1/build/sim_pkg/build/lib/sim_pkg
copying sim_pkg/__init__.py -> /home/asus/Desktop/task1/build/sim_pkg/build/lib/sim_pkg
running install
running install_lib
creating /home/asus/Desktop/task1/install/sim_pkg/lib/python3.8/site-packages/sim_pkg
copying /home/asus/Desktop/task1/build/sim_pkg/build/lib/sim_pkg/__init__.py -> /home/asus/Desktop/task1/install/sim_pkg/lib/python3.8/site-packages/sim_pkg
byte-compiling /home/asus/Desktop/task1/install/sim_pkg/lib/python3.8/site-packages/sim_pkg/__init__.py to __init__.cpython-38.pyc
running install_data
creating /home/asus/Desktop/task1/install/sim_pkg/share/ament_index
creating /home/asus/Desktop/task1/install/sim_pkg/share/ament_index/resource_index
creating /home/asus/Desktop/task1/install/sim_pkg/share/ament_index/resource_index/packages
copying resource/sim_pkg -> /home/asus/Desktop/task1/install/sim_pkg/share/ament_index/resource_index/packages
copying package.xml -> /home/asus/Desktop/task1/install/sim_pkg/share/sim_pkg
running install_egg_info
Copying ../../build/sim_pkg/sim_pkg.egg-info to /home/asus/Desktop/task1/install/sim_pkg/lib/python3.8/site-packages/sim_pkg-0.0.0-py3.8.egg-info
running install_scripts
writing list of installed files to '/home/asus/Desktop/task1/build/sim_pkg/install.log'
