/home/asus/Desktop/task1/install/sim_pkg/lib/python3.8/site-packages/sim_pkg/map_subscribe.py
/home/asus/Desktop/task1/install/sim_pkg/lib/python3.8/site-packages/sim_pkg/simulator.py
/home/asus/Desktop/task1/install/sim_pkg/lib/python3.8/site-packages/sim_pkg/map_publish.py
/home/asus/Desktop/task1/install/sim_pkg/lib/python3.8/site-packages/sim_pkg/__init__.py
/home/asus/Desktop/task1/install/sim_pkg/lib/python3.8/site-packages/sim_pkg/__pycache__/map_subscribe.cpython-38.pyc
/home/asus/Desktop/task1/install/sim_pkg/lib/python3.8/site-packages/sim_pkg/__pycache__/simulator.cpython-38.pyc
/home/asus/Desktop/task1/install/sim_pkg/lib/python3.8/site-packages/sim_pkg/__pycache__/map_publish.cpython-38.pyc
/home/asus/Desktop/task1/install/sim_pkg/lib/python3.8/site-packages/sim_pkg/__pycache__/__init__.cpython-38.pyc
/home/asus/Desktop/task1/install/sim_pkg/share/ament_index/resource_index/packages/sim_pkg
/home/asus/Desktop/task1/install/sim_pkg/share/sim_pkg/package.xml
/home/asus/Desktop/task1/install/sim_pkg/lib/python3.8/site-packages/sim_pkg-0.0.0-py3.8.egg-info/requires.txt
/home/asus/Desktop/task1/install/sim_pkg/lib/python3.8/site-packages/sim_pkg-0.0.0-py3.8.egg-info/SOURCES.txt
/home/asus/Desktop/task1/install/sim_pkg/lib/python3.8/site-packages/sim_pkg-0.0.0-py3.8.egg-info/PKG-INFO
/home/asus/Desktop/task1/install/sim_pkg/lib/python3.8/site-packages/sim_pkg-0.0.0-py3.8.egg-info/dependency_links.txt
/home/asus/Desktop/task1/install/sim_pkg/lib/python3.8/site-packages/sim_pkg-0.0.0-py3.8.egg-info/top_level.txt
/home/asus/Desktop/task1/install/sim_pkg/lib/python3.8/site-packages/sim_pkg-0.0.0-py3.8.egg-info/zip-safe
/home/asus/Desktop/task1/install/sim_pkg/lib/python3.8/site-packages/sim_pkg-0.0.0-py3.8.egg-info/entry_points.txt
/home/asus/Desktop/task1/install/sim_pkg/lib/sim_pkg/sender
/home/asus/Desktop/task1/install/sim_pkg/lib/sim_pkg/simulator
/home/asus/Desktop/task1/install/sim_pkg/lib/sim_pkg/subscriber
