[0.758s] Invoking command in '/home/asus/Desktop/task1/src/sim_pkg': PYTHONPATH=/home/asus/Desktop/task1/install/sim_pkg/lib/python3.8/site-packages:${PYTHONPATH} /usr/bin/python3 setup.py egg_info --egg-base ../../build/sim_pkg build --build-base /home/asus/Desktop/task1/build/sim_pkg/build install --prefix /home/asus/Desktop/task1/install/sim_pkg --record /home/asus/Desktop/task1/build/sim_pkg/install.log --single-version-externally-managed
[1.366s] running egg_info
[1.368s] writing ../../build/sim_pkg/sim_pkg.egg-info/PKG-INFO
[1.368s] writing dependency_links to ../../build/sim_pkg/sim_pkg.egg-info/dependency_links.txt
[1.369s] writing entry points to ../../build/sim_pkg/sim_pkg.egg-info/entry_points.txt
[1.369s] writing requirements to ../../build/sim_pkg/sim_pkg.egg-info/requires.txt
[1.369s] writing top-level names to ../../build/sim_pkg/sim_pkg.egg-info/top_level.txt
[1.476s] reading manifest file '../../build/sim_pkg/sim_pkg.egg-info/SOURCES.txt'
[1.480s] writing manifest file '../../build/sim_pkg/sim_pkg.egg-info/SOURCES.txt'
[1.481s] running build
[1.481s] running build_py
[1.481s] running install
[1.484s] running install_lib
[1.488s] running install_data
[1.489s] running install_egg_info
[1.494s] removing '/home/asus/Desktop/task1/install/sim_pkg/lib/python3.8/site-packages/sim_pkg-0.0.0-py3.8.egg-info' (and everything under it)
[1.495s] Copying ../../build/sim_pkg/sim_pkg.egg-info to /home/asus/Desktop/task1/install/sim_pkg/lib/python3.8/site-packages/sim_pkg-0.0.0-py3.8.egg-info
[1.497s] running install_scripts
[1.544s] Installing sender script to /home/asus/Desktop/task1/install/sim_pkg/lib/sim_pkg
[1.545s] Installing simulator script to /home/asus/Desktop/task1/install/sim_pkg/lib/sim_pkg
[1.546s] Installing subscriber script to /home/asus/Desktop/task1/install/sim_pkg/lib/sim_pkg
[1.548s] writing list of installed files to '/home/asus/Desktop/task1/build/sim_pkg/install.log'
[1.600s] Invoked command in '/home/asus/Desktop/task1/src/sim_pkg' returned '0': PYTHONPATH=/home/asus/Desktop/task1/install/sim_pkg/lib/python3.8/site-packages:${PYTHONPATH} /usr/bin/python3 setup.py egg_info --egg-base ../../build/sim_pkg build --build-base /home/asus/Desktop/task1/build/sim_pkg/build install --prefix /home/asus/Desktop/task1/install/sim_pkg --record /home/asus/Desktop/task1/build/sim_pkg/install.log --single-version-externally-managed
