[0.455s] Invoking command in '/home/asus/Desktop/task1/src/sim_pkg': PYTHONPATH=/home/asus/Desktop/task1/install/sim_pkg/lib/python3.8/site-packages:${PYTHONPATH} /usr/bin/python3 setup.py egg_info --egg-base ../../build/sim_pkg build --build-base /home/asus/Desktop/task1/build/sim_pkg/build install --prefix /home/asus/Desktop/task1/install/sim_pkg --record /home/asus/Desktop/task1/build/sim_pkg/install.log --single-version-externally-managed
[0.857s] running egg_info
[0.858s] writing ../../build/sim_pkg/sim_pkg.egg-info/PKG-INFO
[0.858s] writing dependency_links to ../../build/sim_pkg/sim_pkg.egg-info/dependency_links.txt
[0.859s] writing entry points to ../../build/sim_pkg/sim_pkg.egg-info/entry_points.txt
[0.859s] writing requirements to ../../build/sim_pkg/sim_pkg.egg-info/requires.txt
[0.859s] writing top-level names to ../../build/sim_pkg/sim_pkg.egg-info/top_level.txt
[0.939s] reading manifest file '../../build/sim_pkg/sim_pkg.egg-info/SOURCES.txt'
[0.941s] writing manifest file '../../build/sim_pkg/sim_pkg.egg-info/SOURCES.txt'
[0.942s] running build
[0.942s] running build_py
[0.943s] running install
[0.945s] running install_lib
[0.948s] running install_data
[0.949s] running install_egg_info
[0.952s] removing '/home/asus/Desktop/task1/install/sim_pkg/lib/python3.8/site-packages/sim_pkg-0.0.0-py3.8.egg-info' (and everything under it)
[0.953s] Copying ../../build/sim_pkg/sim_pkg.egg-info to /home/asus/Desktop/task1/install/sim_pkg/lib/python3.8/site-packages/sim_pkg-0.0.0-py3.8.egg-info
[0.954s] running install_scripts
[0.985s] Installing sender script to /home/asus/Desktop/task1/install/sim_pkg/lib/sim_pkg
[0.985s] Installing simulator script to /home/asus/Desktop/task1/install/sim_pkg/lib/sim_pkg
[0.985s] Installing subscriber script to /home/asus/Desktop/task1/install/sim_pkg/lib/sim_pkg
[0.986s] writing list of installed files to '/home/asus/Desktop/task1/build/sim_pkg/install.log'
[1.023s] Invoked command in '/home/asus/Desktop/task1/src/sim_pkg' returned '0': PYTHONPATH=/home/asus/Desktop/task1/install/sim_pkg/lib/python3.8/site-packages:${PYTHONPATH} /usr/bin/python3 setup.py egg_info --egg-base ../../build/sim_pkg build --build-base /home/asus/Desktop/task1/build/sim_pkg/build install --prefix /home/asus/Desktop/task1/install/sim_pkg --record /home/asus/Desktop/task1/build/sim_pkg/install.log --single-version-externally-managed
