[0.448s] Invoking command in '/home/asus/Desktop/GIT_tasks/NMVR/task2/src/sim_pkg': PYTHONPATH=/home/asus/Desktop/GIT_tasks/NMVR/task2/install/sim_pkg/lib/python3.8/site-packages:${PYTHONPATH} /usr/bin/python3 setup.py egg_info --egg-base ../../build/sim_pkg build --build-base /home/asus/Desktop/GIT_tasks/NMVR/task2/build/sim_pkg/build install --prefix /home/asus/Desktop/GIT_tasks/NMVR/task2/install/sim_pkg --record /home/asus/Desktop/GIT_tasks/NMVR/task2/build/sim_pkg/install.log --single-version-externally-managed
[0.875s] running egg_info
[0.875s] writing ../../build/sim_pkg/sim_pkg.egg-info/PKG-INFO
[0.876s] writing dependency_links to ../../build/sim_pkg/sim_pkg.egg-info/dependency_links.txt
[0.876s] writing entry points to ../../build/sim_pkg/sim_pkg.egg-info/entry_points.txt
[0.877s] writing requirements to ../../build/sim_pkg/sim_pkg.egg-info/requires.txt
[0.877s] writing top-level names to ../../build/sim_pkg/sim_pkg.egg-info/top_level.txt
[0.953s] reading manifest file '../../build/sim_pkg/sim_pkg.egg-info/SOURCES.txt'
[0.955s] writing manifest file '../../build/sim_pkg/sim_pkg.egg-info/SOURCES.txt'
[0.955s] running build
[0.955s] running build_py
[0.955s] copying sim_pkg/map_subscribe.py -> /home/asus/Desktop/GIT_tasks/NMVR/task2/build/sim_pkg/build/lib/sim_pkg
[0.956s] copying sim_pkg/simulator.py -> /home/asus/Desktop/GIT_tasks/NMVR/task2/build/sim_pkg/build/lib/sim_pkg
[0.956s] copying sim_pkg/map_publish.py -> /home/asus/Desktop/GIT_tasks/NMVR/task2/build/sim_pkg/build/lib/sim_pkg
[0.956s] running install
[0.958s] running install_lib
[0.960s] copying /home/asus/Desktop/GIT_tasks/NMVR/task2/build/sim_pkg/build/lib/sim_pkg/map_subscribe.py -> /home/asus/Desktop/GIT_tasks/NMVR/task2/install/sim_pkg/lib/python3.8/site-packages/sim_pkg
[0.960s] copying /home/asus/Desktop/GIT_tasks/NMVR/task2/build/sim_pkg/build/lib/sim_pkg/simulator.py -> /home/asus/Desktop/GIT_tasks/NMVR/task2/install/sim_pkg/lib/python3.8/site-packages/sim_pkg
[0.960s] copying /home/asus/Desktop/GIT_tasks/NMVR/task2/build/sim_pkg/build/lib/sim_pkg/map_publish.py -> /home/asus/Desktop/GIT_tasks/NMVR/task2/install/sim_pkg/lib/python3.8/site-packages/sim_pkg
[0.961s] byte-compiling /home/asus/Desktop/GIT_tasks/NMVR/task2/install/sim_pkg/lib/python3.8/site-packages/sim_pkg/map_subscribe.py to map_subscribe.cpython-38.pyc
[0.963s] byte-compiling /home/asus/Desktop/GIT_tasks/NMVR/task2/install/sim_pkg/lib/python3.8/site-packages/sim_pkg/simulator.py to simulator.cpython-38.pyc
[0.966s] byte-compiling /home/asus/Desktop/GIT_tasks/NMVR/task2/install/sim_pkg/lib/python3.8/site-packages/sim_pkg/map_publish.py to map_publish.cpython-38.pyc
[0.967s] running install_data
[0.968s] copying package.xml -> /home/asus/Desktop/GIT_tasks/NMVR/task2/install/sim_pkg/share/sim_pkg
[0.968s] running install_egg_info
[0.971s] removing '/home/asus/Desktop/GIT_tasks/NMVR/task2/install/sim_pkg/lib/python3.8/site-packages/sim_pkg-0.0.0-py3.8.egg-info' (and everything under it)
[0.972s] Copying ../../build/sim_pkg/sim_pkg.egg-info to /home/asus/Desktop/GIT_tasks/NMVR/task2/install/sim_pkg/lib/python3.8/site-packages/sim_pkg-0.0.0-py3.8.egg-info
[0.973s] running install_scripts
[1.003s] Installing sender script to /home/asus/Desktop/GIT_tasks/NMVR/task2/install/sim_pkg/lib/sim_pkg
[1.003s] Installing simulator script to /home/asus/Desktop/GIT_tasks/NMVR/task2/install/sim_pkg/lib/sim_pkg
[1.003s] Installing subscriber script to /home/asus/Desktop/GIT_tasks/NMVR/task2/install/sim_pkg/lib/sim_pkg
[1.004s] writing list of installed files to '/home/asus/Desktop/GIT_tasks/NMVR/task2/build/sim_pkg/install.log'
[1.039s] Invoked command in '/home/asus/Desktop/GIT_tasks/NMVR/task2/src/sim_pkg' returned '0': PYTHONPATH=/home/asus/Desktop/GIT_tasks/NMVR/task2/install/sim_pkg/lib/python3.8/site-packages:${PYTHONPATH} /usr/bin/python3 setup.py egg_info --egg-base ../../build/sim_pkg build --build-base /home/asus/Desktop/GIT_tasks/NMVR/task2/build/sim_pkg/build install --prefix /home/asus/Desktop/GIT_tasks/NMVR/task2/install/sim_pkg --record /home/asus/Desktop/GIT_tasks/NMVR/task2/build/sim_pkg/install.log --single-version-externally-managed
